application/build/app/intermediates/manifest_merge_blame_file/release/manifest-merger-blame-release-report.txt
1<?xml version="1.0" encoding="utf-8"?>
2<manifest xmlns:android="http://schemas.android.com/apk/res/android"
3    package="com.example.Meetyfi"
4    android:versionCode="1"
5    android:versionName="1.0.0" >
6
7    <uses-sdk
8        android:minSdkVersion="23"
9        android:targetSdkVersion="35" />
10
11    <!-- Internet permission to allow the app to access the network for Firebase services -->
12    <uses-permission android:name="android.permission.INTERNET" />
12-->src/main/AndroidManifest.xml:5:5-67
12-->src/main/AndroidManifest.xml:5:22-64
13    <uses-permission android:name="android.permission.ACCESS_FINE_LOCATION" />
13-->src/main/AndroidManifest.xml:6:5-79
13-->src/main/AndroidManifest.xml:6:22-76
14    <uses-permission android:name="android.permission.ACCESS_COARSE_LOCATION" />
14-->src/main/AndroidManifest.xml:7:5-81
14-->src/main/AndroidManifest.xml:7:22-78
15    <uses-permission android:name="android.permission.ACCESS_BACKGROUND_LOCATION" />
15-->src/main/AndroidManifest.xml:8:5-85
15-->src/main/AndroidManifest.xml:8:22-82
16    <uses-permission android:name="android.permission.ACCESS_NETWORK_STATE" />
16-->src/main/AndroidManifest.xml:9:5-79
16-->src/main/AndroidManifest.xml:9:22-76
17
18    <!-- Optional: Permission to read SMS for auto-retrieving OTP (only needed for a smoother UX) -->
19    <uses-permission android:name="android.permission.READ_SMS" />
19-->src/main/AndroidManifest.xml:12:5-67
19-->src/main/AndroidManifest.xml:12:22-64
20
21    <!-- Optional: Permission to receive SMS for auto-retrieving OTP -->
22    <uses-permission android:name="android.permission.RECEIVE_SMS" />
22-->src/main/AndroidManifest.xml:15:5-70
22-->src/main/AndroidManifest.xml:15:22-67
23
24    <!-- Optional: Permission for auto-read OTP on devices running Android >= 6.0 -->
25    <uses-permission android:name="android.permission.READ_PHONE_STATE" />
25-->src/main/AndroidManifest.xml:18:5-75
25-->src/main/AndroidManifest.xml:18:22-72
26    <!--
27         Required to query activities that can process text, see:
28         https://developer.android.com/training/package-visibility and
29         https://developer.android.com/reference/android/content/Intent#ACTION_PROCESS_TEXT.
30
31         In particular, this is used by the Flutter engine in io.flutter.plugin.text.ProcessTextPlugin.
32    -->
33    <queries>
33-->src/main/AndroidManifest.xml:58:5-75:15
34        <intent>
34-->src/main/AndroidManifest.xml:59:9-62:18
35            <action android:name="android.intent.action.PROCESS_TEXT" />
35-->src/main/AndroidManifest.xml:60:13-72
35-->src/main/AndroidManifest.xml:60:21-70
36
37            <data android:mimeType="text/plain" />
37-->src/main/AndroidManifest.xml:61:13-50
37-->src/main/AndroidManifest.xml:61:19-48
38        </intent>
39        <intent>
39-->src/main/AndroidManifest.xml:63:9-66:18
40            <action android:name="android.intent.action.VIEW" />
40-->src/main/AndroidManifest.xml:64:9-61
40-->src/main/AndroidManifest.xml:64:17-58
41
42            <data android:scheme="https" />
42-->src/main/AndroidManifest.xml:61:13-50
42-->src/main/AndroidManifest.xml:65:15-37
43        </intent>
44        <intent>
44-->src/main/AndroidManifest.xml:67:9-70:18
45            <action android:name="android.intent.action.VIEW" />
45-->src/main/AndroidManifest.xml:64:9-61
45-->src/main/AndroidManifest.xml:64:17-58
46
47            <data android:scheme="http" />
47-->src/main/AndroidManifest.xml:61:13-50
47-->src/main/AndroidManifest.xml:65:15-37
48        </intent>
49        <intent>
49-->src/main/AndroidManifest.xml:71:9-74:18
50            <action android:name="android.intent.action.VIEW" />
50-->src/main/AndroidManifest.xml:64:9-61
50-->src/main/AndroidManifest.xml:64:17-58
51
52            <data android:scheme="geo" />
52-->src/main/AndroidManifest.xml:61:13-50
52-->src/main/AndroidManifest.xml:65:15-37
53        </intent>
54    </queries>
55
56    <uses-permission android:name="android.permission.WAKE_LOCK" />
56-->[com.google.android.gms:play-services-measurement-api:22.1.2] AndroidManifest.xml:24:5-68
56-->[com.google.android.gms:play-services-measurement-api:22.1.2] AndroidManifest.xml:24:22-65
57    <uses-permission android:name="com.google.android.gms.permission.AD_ID" />
57-->[com.google.android.gms:play-services-measurement-api:22.1.2] AndroidManifest.xml:25:5-79
57-->[com.google.android.gms:play-services-measurement-api:22.1.2] AndroidManifest.xml:25:22-76
58    <uses-permission android:name="android.permission.ACCESS_ADSERVICES_ATTRIBUTION" />
58-->[com.google.android.gms:play-services-measurement-api:22.1.2] AndroidManifest.xml:26:5-88
58-->[com.google.android.gms:play-services-measurement-api:22.1.2] AndroidManifest.xml:26:22-85
59    <uses-permission android:name="android.permission.ACCESS_ADSERVICES_AD_ID" />
59-->[com.google.android.gms:play-services-measurement-api:22.1.2] AndroidManifest.xml:27:5-82
59-->[com.google.android.gms:play-services-measurement-api:22.1.2] AndroidManifest.xml:27:22-79
60    <uses-permission android:name="com.google.android.providers.gsf.permission.READ_GSERVICES" />
60-->[com.google.android.recaptcha:recaptcha:18.5.1] AndroidManifest.xml:9:5-98
60-->[com.google.android.recaptcha:recaptcha:18.5.1] AndroidManifest.xml:9:22-95
61    <uses-permission android:name="com.google.android.finsky.permission.BIND_GET_INSTALL_REFERRER_SERVICE" />
61-->[com.google.android.gms:play-services-measurement:22.1.2] AndroidManifest.xml:26:5-110
61-->[com.google.android.gms:play-services-measurement:22.1.2] AndroidManifest.xml:26:22-107
62
63    <permission
63-->[androidx.core:core:1.13.1] AndroidManifest.xml:22:5-24:47
64        android:name="com.example.Meetyfi.DYNAMIC_RECEIVER_NOT_EXPORTED_PERMISSION"
64-->[androidx.core:core:1.13.1] AndroidManifest.xml:23:9-81
65        android:protectionLevel="signature" />
65-->[androidx.core:core:1.13.1] AndroidManifest.xml:24:9-44
66
67    <uses-permission android:name="com.example.Meetyfi.DYNAMIC_RECEIVER_NOT_EXPORTED_PERMISSION" />
67-->[androidx.core:core:1.13.1] AndroidManifest.xml:26:5-97
67-->[androidx.core:core:1.13.1] AndroidManifest.xml:26:22-94
68
69    <application
70        android:name="android.app.Application"
70-->src/main/AndroidManifest.xml:21:9-42
71        android:appComponentFactory="androidx.core.app.CoreComponentFactory"
71-->[androidx.core:core:1.13.1] AndroidManifest.xml:28:18-86
72        android:extractNativeLibs="false"
73        android:icon="@mipmap/ic_launcher"
73-->src/main/AndroidManifest.xml:22:9-43
74        android:label="Meetyfi" >
74-->src/main/AndroidManifest.xml:20:9-32
75        <activity
75-->src/main/AndroidManifest.xml:23:9-44:20
76            android:name="com.example.Meetyfi.MainActivity"
76-->src/main/AndroidManifest.xml:24:13-41
77            android:configChanges="orientation|keyboardHidden|keyboard|screenSize|smallestScreenSize|locale|layoutDirection|fontScale|screenLayout|density|uiMode"
77-->src/main/AndroidManifest.xml:29:13-163
78            android:exported="true"
78-->src/main/AndroidManifest.xml:25:13-36
79            android:hardwareAccelerated="true"
79-->src/main/AndroidManifest.xml:30:13-47
80            android:launchMode="singleTop"
80-->src/main/AndroidManifest.xml:26:13-43
81            android:taskAffinity=""
81-->src/main/AndroidManifest.xml:27:13-36
82            android:theme="@style/LaunchTheme"
82-->src/main/AndroidManifest.xml:28:13-47
83            android:windowSoftInputMode="adjustResize" >
83-->src/main/AndroidManifest.xml:31:13-55
84
85            <!--
86                 Specifies an Android theme to apply to this Activity as soon as
87                 the Android process has started. This theme is visible to the user
88                 while the Flutter UI initializes. After that, this theme continues
89                 to determine the Window background behind the Flutter UI.
90            -->
91            <meta-data
91-->src/main/AndroidManifest.xml:36:13-39:17
92                android:name="io.flutter.embedding.android.NormalTheme"
92-->src/main/AndroidManifest.xml:37:15-70
93                android:resource="@style/NormalTheme" />
93-->src/main/AndroidManifest.xml:38:15-52
94
95            <intent-filter>
95-->src/main/AndroidManifest.xml:40:13-43:29
96                <action android:name="android.intent.action.MAIN" />
96-->src/main/AndroidManifest.xml:41:17-68
96-->src/main/AndroidManifest.xml:41:25-66
97
98                <category android:name="android.intent.category.LAUNCHER" />
98-->src/main/AndroidManifest.xml:42:17-76
98-->src/main/AndroidManifest.xml:42:27-74
99            </intent-filter>
100        </activity>
101        <!--
102             Don't delete the meta-data below.
103             This is used by the Flutter tool to generate GeneratedPluginRegistrant.java
104        -->
105        <meta-data
105-->src/main/AndroidManifest.xml:47:9-49:33
106            android:name="flutterEmbedding"
106-->src/main/AndroidManifest.xml:48:13-44
107            android:value="2" />
107-->src/main/AndroidManifest.xml:49:13-30
108
109        <service
109-->[:geolocator_android] AndroidManifest.xml:8:9-12:56
110            android:name="com.baseflow.geolocator.GeolocatorLocationService"
110-->[:geolocator_android] AndroidManifest.xml:9:13-77
111            android:enabled="true"
111-->[:geolocator_android] AndroidManifest.xml:10:13-35
112            android:exported="false"
112-->[:geolocator_android] AndroidManifest.xml:11:13-37
113            android:foregroundServiceType="location" />
113-->[:geolocator_android] AndroidManifest.xml:12:13-53
114
115        <activity
115-->[:url_launcher_android] AndroidManifest.xml:8:9-11:74
116            android:name="io.flutter.plugins.urllauncher.WebViewActivity"
116-->[:url_launcher_android] AndroidManifest.xml:9:13-74
117            android:exported="false"
117-->[:url_launcher_android] AndroidManifest.xml:10:13-37
118            android:theme="@android:style/Theme.NoTitleBar.Fullscreen" />
118-->[:url_launcher_android] AndroidManifest.xml:11:13-71
119        <activity
119-->[com.google.firebase:firebase-auth:23.1.0] AndroidManifest.xml:29:9-46:20
120            android:name="com.google.firebase.auth.internal.GenericIdpActivity"
120-->[com.google.firebase:firebase-auth:23.1.0] AndroidManifest.xml:30:13-80
121            android:excludeFromRecents="true"
121-->[com.google.firebase:firebase-auth:23.1.0] AndroidManifest.xml:31:13-46
122            android:exported="true"
122-->[com.google.firebase:firebase-auth:23.1.0] AndroidManifest.xml:32:13-36
123            android:launchMode="singleTask"
123-->[com.google.firebase:firebase-auth:23.1.0] AndroidManifest.xml:33:13-44
124            android:theme="@android:style/Theme.Translucent.NoTitleBar" >
124-->[com.google.firebase:firebase-auth:23.1.0] AndroidManifest.xml:34:13-72
125            <intent-filter>
125-->[com.google.firebase:firebase-auth:23.1.0] AndroidManifest.xml:35:13-45:29
126                <action android:name="android.intent.action.VIEW" />
126-->src/main/AndroidManifest.xml:64:9-61
126-->src/main/AndroidManifest.xml:64:17-58
127
128                <category android:name="android.intent.category.DEFAULT" />
128-->[com.google.firebase:firebase-auth:23.1.0] AndroidManifest.xml:38:17-76
128-->[com.google.firebase:firebase-auth:23.1.0] AndroidManifest.xml:38:27-73
129                <category android:name="android.intent.category.BROWSABLE" />
129-->[com.google.firebase:firebase-auth:23.1.0] AndroidManifest.xml:39:17-78
129-->[com.google.firebase:firebase-auth:23.1.0] AndroidManifest.xml:39:27-75
130
131                <data
131-->src/main/AndroidManifest.xml:61:13-50
132                    android:host="firebase.auth"
133                    android:path="/"
134                    android:scheme="genericidp" />
134-->src/main/AndroidManifest.xml:65:15-37
135            </intent-filter>
136        </activity>
137        <activity
137-->[com.google.firebase:firebase-auth:23.1.0] AndroidManifest.xml:47:9-64:20
138            android:name="com.google.firebase.auth.internal.RecaptchaActivity"
138-->[com.google.firebase:firebase-auth:23.1.0] AndroidManifest.xml:48:13-79
139            android:excludeFromRecents="true"
139-->[com.google.firebase:firebase-auth:23.1.0] AndroidManifest.xml:49:13-46
140            android:exported="true"
140-->[com.google.firebase:firebase-auth:23.1.0] AndroidManifest.xml:50:13-36
141            android:launchMode="singleTask"
141-->[com.google.firebase:firebase-auth:23.1.0] AndroidManifest.xml:51:13-44
142            android:theme="@android:style/Theme.Translucent.NoTitleBar" >
142-->[com.google.firebase:firebase-auth:23.1.0] AndroidManifest.xml:52:13-72
143            <intent-filter>
143-->[com.google.firebase:firebase-auth:23.1.0] AndroidManifest.xml:53:13-63:29
144                <action android:name="android.intent.action.VIEW" />
144-->src/main/AndroidManifest.xml:64:9-61
144-->src/main/AndroidManifest.xml:64:17-58
145
146                <category android:name="android.intent.category.DEFAULT" />
146-->[com.google.firebase:firebase-auth:23.1.0] AndroidManifest.xml:38:17-76
146-->[com.google.firebase:firebase-auth:23.1.0] AndroidManifest.xml:38:27-73
147                <category android:name="android.intent.category.BROWSABLE" />
147-->[com.google.firebase:firebase-auth:23.1.0] AndroidManifest.xml:39:17-78
147-->[com.google.firebase:firebase-auth:23.1.0] AndroidManifest.xml:39:27-75
148
149                <data
149-->src/main/AndroidManifest.xml:61:13-50
150                    android:host="firebase.auth"
151                    android:path="/"
152                    android:scheme="recaptcha" />
152-->src/main/AndroidManifest.xml:65:15-37
153            </intent-filter>
154        </activity>
155
156        <service
156-->[com.google.firebase:firebase-auth:23.1.0] AndroidManifest.xml:66:9-72:19
157            android:name="com.google.firebase.components.ComponentDiscoveryService"
157-->[com.google.firebase:firebase-auth:23.1.0] AndroidManifest.xml:67:13-84
158            android:directBootAware="true"
158-->[com.google.firebase:firebase-common:21.0.0] AndroidManifest.xml:32:13-43
159            android:exported="false" >
159-->[com.google.firebase:firebase-auth:23.1.0] AndroidManifest.xml:68:13-37
160            <meta-data
160-->[com.google.firebase:firebase-auth:23.1.0] AndroidManifest.xml:69:13-71:85
161                android:name="com.google.firebase.components:com.google.firebase.auth.FirebaseAuthRegistrar"
161-->[com.google.firebase:firebase-auth:23.1.0] AndroidManifest.xml:70:17-109
162                android:value="com.google.firebase.components.ComponentRegistrar" />
162-->[com.google.firebase:firebase-auth:23.1.0] AndroidManifest.xml:71:17-82
163            <meta-data
163-->[com.google.firebase:firebase-firestore:25.1.1] AndroidManifest.xml:17:13-19:85
164                android:name="com.google.firebase.components:com.google.firebase.firestore.FirebaseFirestoreKtxRegistrar"
164-->[com.google.firebase:firebase-firestore:25.1.1] AndroidManifest.xml:18:17-122
165                android:value="com.google.firebase.components.ComponentRegistrar" />
165-->[com.google.firebase:firebase-firestore:25.1.1] AndroidManifest.xml:19:17-82
166            <meta-data
166-->[com.google.firebase:firebase-firestore:25.1.1] AndroidManifest.xml:20:13-22:85
167                android:name="com.google.firebase.components:com.google.firebase.firestore.FirestoreRegistrar"
167-->[com.google.firebase:firebase-firestore:25.1.1] AndroidManifest.xml:21:17-111
168                android:value="com.google.firebase.components.ComponentRegistrar" />
168-->[com.google.firebase:firebase-firestore:25.1.1] AndroidManifest.xml:22:17-82
169            <meta-data
169-->[com.google.android.gms:play-services-measurement-api:22.1.2] AndroidManifest.xml:37:13-39:85
170                android:name="com.google.firebase.components:com.google.firebase.analytics.connector.internal.AnalyticsConnectorRegistrar"
170-->[com.google.android.gms:play-services-measurement-api:22.1.2] AndroidManifest.xml:38:17-139
171                android:value="com.google.firebase.components.ComponentRegistrar" />
171-->[com.google.android.gms:play-services-measurement-api:22.1.2] AndroidManifest.xml:39:17-82
172            <meta-data
172-->[com.google.firebase:firebase-installations:18.0.0] AndroidManifest.xml:15:13-17:85
173                android:name="com.google.firebase.components:com.google.firebase.installations.FirebaseInstallationsKtxRegistrar"
173-->[com.google.firebase:firebase-installations:18.0.0] AndroidManifest.xml:16:17-130
174                android:value="com.google.firebase.components.ComponentRegistrar" />
174-->[com.google.firebase:firebase-installations:18.0.0] AndroidManifest.xml:17:17-82
175            <meta-data
175-->[com.google.firebase:firebase-installations:18.0.0] AndroidManifest.xml:18:13-20:85
176                android:name="com.google.firebase.components:com.google.firebase.installations.FirebaseInstallationsRegistrar"
176-->[com.google.firebase:firebase-installations:18.0.0] AndroidManifest.xml:19:17-127
177                android:value="com.google.firebase.components.ComponentRegistrar" />
177-->[com.google.firebase:firebase-installations:18.0.0] AndroidManifest.xml:20:17-82
178            <meta-data
178-->[com.google.firebase:firebase-common-ktx:21.0.0] AndroidManifest.xml:12:13-14:85
179                android:name="com.google.firebase.components:com.google.firebase.ktx.FirebaseCommonLegacyRegistrar"
179-->[com.google.firebase:firebase-common-ktx:21.0.0] AndroidManifest.xml:13:17-116
180                android:value="com.google.firebase.components.ComponentRegistrar" />
180-->[com.google.firebase:firebase-common-ktx:21.0.0] AndroidManifest.xml:14:17-82
181            <meta-data
181-->[com.google.firebase:firebase-common:21.0.0] AndroidManifest.xml:35:13-37:85
182                android:name="com.google.firebase.components:com.google.firebase.FirebaseCommonKtxRegistrar"
182-->[com.google.firebase:firebase-common:21.0.0] AndroidManifest.xml:36:17-109
183                android:value="com.google.firebase.components.ComponentRegistrar" />
183-->[com.google.firebase:firebase-common:21.0.0] AndroidManifest.xml:37:17-82
184        </service>
185
186        <property
186-->[com.google.android.gms:play-services-measurement-api:22.1.2] AndroidManifest.xml:30:9-32:61
187            android:name="android.adservices.AD_SERVICES_CONFIG"
187-->[com.google.android.gms:play-services-measurement-api:22.1.2] AndroidManifest.xml:31:13-65
188            android:resource="@xml/ga_ad_services_config" />
188-->[com.google.android.gms:play-services-measurement-api:22.1.2] AndroidManifest.xml:32:13-58
189
190        <receiver
190-->[com.google.android.gms:play-services-measurement:22.1.2] AndroidManifest.xml:29:9-33:20
191            android:name="com.google.android.gms.measurement.AppMeasurementReceiver"
191-->[com.google.android.gms:play-services-measurement:22.1.2] AndroidManifest.xml:30:13-85
192            android:enabled="true"
192-->[com.google.android.gms:play-services-measurement:22.1.2] AndroidManifest.xml:31:13-35
193            android:exported="false" >
193-->[com.google.android.gms:play-services-measurement:22.1.2] AndroidManifest.xml:32:13-37
194        </receiver>
195
196        <service
196-->[com.google.android.gms:play-services-measurement:22.1.2] AndroidManifest.xml:35:9-38:40
197            android:name="com.google.android.gms.measurement.AppMeasurementService"
197-->[com.google.android.gms:play-services-measurement:22.1.2] AndroidManifest.xml:36:13-84
198            android:enabled="true"
198-->[com.google.android.gms:play-services-measurement:22.1.2] AndroidManifest.xml:37:13-35
199            android:exported="false" />
199-->[com.google.android.gms:play-services-measurement:22.1.2] AndroidManifest.xml:38:13-37
200        <service
200-->[com.google.android.gms:play-services-measurement:22.1.2] AndroidManifest.xml:39:9-43:72
201            android:name="com.google.android.gms.measurement.AppMeasurementJobService"
201-->[com.google.android.gms:play-services-measurement:22.1.2] AndroidManifest.xml:40:13-87
202            android:enabled="true"
202-->[com.google.android.gms:play-services-measurement:22.1.2] AndroidManifest.xml:41:13-35
203            android:exported="false"
203-->[com.google.android.gms:play-services-measurement:22.1.2] AndroidManifest.xml:42:13-37
204            android:permission="android.permission.BIND_JOB_SERVICE" />
204-->[com.google.android.gms:play-services-measurement:22.1.2] AndroidManifest.xml:43:13-69
205        <service
205-->[androidx.credentials:credentials-play-services-auth:1.2.0-rc01] AndroidManifest.xml:24:9-32:19
206            android:name="androidx.credentials.playservices.CredentialProviderMetadataHolder"
206-->[androidx.credentials:credentials-play-services-auth:1.2.0-rc01] AndroidManifest.xml:25:13-94
207            android:enabled="true"
207-->[androidx.credentials:credentials-play-services-auth:1.2.0-rc01] AndroidManifest.xml:26:13-35
208            android:exported="false" >
208-->[androidx.credentials:credentials-play-services-auth:1.2.0-rc01] AndroidManifest.xml:27:13-37
209            <meta-data
209-->[androidx.credentials:credentials-play-services-auth:1.2.0-rc01] AndroidManifest.xml:29:13-31:104
210                android:name="androidx.credentials.CREDENTIAL_PROVIDER_KEY"
210-->[androidx.credentials:credentials-play-services-auth:1.2.0-rc01] AndroidManifest.xml:30:17-76
211                android:value="androidx.credentials.playservices.CredentialProviderPlayServicesImpl" />
211-->[androidx.credentials:credentials-play-services-auth:1.2.0-rc01] AndroidManifest.xml:31:17-101
212        </service>
213
214        <activity
214-->[androidx.credentials:credentials-play-services-auth:1.2.0-rc01] AndroidManifest.xml:34:9-41:20
215            android:name="androidx.credentials.playservices.HiddenActivity"
215-->[androidx.credentials:credentials-play-services-auth:1.2.0-rc01] AndroidManifest.xml:35:13-76
216            android:configChanges="orientation|screenSize|screenLayout|keyboardHidden"
216-->[androidx.credentials:credentials-play-services-auth:1.2.0-rc01] AndroidManifest.xml:36:13-87
217            android:enabled="true"
217-->[androidx.credentials:credentials-play-services-auth:1.2.0-rc01] AndroidManifest.xml:37:13-35
218            android:exported="false"
218-->[androidx.credentials:credentials-play-services-auth:1.2.0-rc01] AndroidManifest.xml:38:13-37
219            android:fitsSystemWindows="true"
219-->[androidx.credentials:credentials-play-services-auth:1.2.0-rc01] AndroidManifest.xml:39:13-45
220            android:theme="@style/Theme.Hidden" >
220-->[androidx.credentials:credentials-play-services-auth:1.2.0-rc01] AndroidManifest.xml:40:13-48
221        </activity>
222        <activity
222-->[com.google.android.gms:play-services-auth:20.7.0] AndroidManifest.xml:23:9-27:75
223            android:name="com.google.android.gms.auth.api.signin.internal.SignInHubActivity"
223-->[com.google.android.gms:play-services-auth:20.7.0] AndroidManifest.xml:24:13-93
224            android:excludeFromRecents="true"
224-->[com.google.android.gms:play-services-auth:20.7.0] AndroidManifest.xml:25:13-46
225            android:exported="false"
225-->[com.google.android.gms:play-services-auth:20.7.0] AndroidManifest.xml:26:13-37
226            android:theme="@android:style/Theme.Translucent.NoTitleBar" />
226-->[com.google.android.gms:play-services-auth:20.7.0] AndroidManifest.xml:27:13-72
227        <!--
228            Service handling Google Sign-In user revocation. For apps that do not integrate with
229            Google Sign-In, this service will never be started.
230        -->
231        <service
231-->[com.google.android.gms:play-services-auth:20.7.0] AndroidManifest.xml:33:9-37:51
232            android:name="com.google.android.gms.auth.api.signin.RevocationBoundService"
232-->[com.google.android.gms:play-services-auth:20.7.0] AndroidManifest.xml:34:13-89
233            android:exported="true"
233-->[com.google.android.gms:play-services-auth:20.7.0] AndroidManifest.xml:35:13-36
234            android:permission="com.google.android.gms.auth.api.signin.permission.REVOCATION_NOTIFICATION"
234-->[com.google.android.gms:play-services-auth:20.7.0] AndroidManifest.xml:36:13-107
235            android:visibleToInstantApps="true" />
235-->[com.google.android.gms:play-services-auth:20.7.0] AndroidManifest.xml:37:13-48
236
237        <provider
237-->[com.google.firebase:firebase-common:21.0.0] AndroidManifest.xml:23:9-28:39
238            android:name="com.google.firebase.provider.FirebaseInitProvider"
238-->[com.google.firebase:firebase-common:21.0.0] AndroidManifest.xml:24:13-77
239            android:authorities="com.example.Meetyfi.firebaseinitprovider"
239-->[com.google.firebase:firebase-common:21.0.0] AndroidManifest.xml:25:13-72
240            android:directBootAware="true"
240-->[com.google.firebase:firebase-common:21.0.0] AndroidManifest.xml:26:13-43
241            android:exported="false"
241-->[com.google.firebase:firebase-common:21.0.0] AndroidManifest.xml:27:13-37
242            android:initOrder="100" />
242-->[com.google.firebase:firebase-common:21.0.0] AndroidManifest.xml:28:13-36
243
244        <uses-library
244-->[androidx.window:window:1.2.0] AndroidManifest.xml:23:9-25:40
245            android:name="androidx.window.extensions"
245-->[androidx.window:window:1.2.0] AndroidManifest.xml:24:13-54
246            android:required="false" />
246-->[androidx.window:window:1.2.0] AndroidManifest.xml:25:13-37
247        <uses-library
247-->[androidx.window:window:1.2.0] AndroidManifest.xml:26:9-28:40
248            android:name="androidx.window.sidecar"
248-->[androidx.window:window:1.2.0] AndroidManifest.xml:27:13-51
249            android:required="false" />
249-->[androidx.window:window:1.2.0] AndroidManifest.xml:28:13-37
250        <uses-library
250-->[androidx.privacysandbox.ads:ads-adservices:1.0.0-beta05] AndroidManifest.xml:23:9-25:40
251            android:name="android.ext.adservices"
251-->[androidx.privacysandbox.ads:ads-adservices:1.0.0-beta05] AndroidManifest.xml:24:13-50
252            android:required="false" />
252-->[androidx.privacysandbox.ads:ads-adservices:1.0.0-beta05] AndroidManifest.xml:25:13-37
253
254        <activity
254-->[com.google.android.gms:play-services-base:18.5.0] AndroidManifest.xml:5:9-173
255            android:name="com.google.android.gms.common.api.GoogleApiActivity"
255-->[com.google.android.gms:play-services-base:18.5.0] AndroidManifest.xml:5:19-85
256            android:exported="false"
256-->[com.google.android.gms:play-services-base:18.5.0] AndroidManifest.xml:5:146-170
257            android:theme="@android:style/Theme.Translucent.NoTitleBar" />
257-->[com.google.android.gms:play-services-base:18.5.0] AndroidManifest.xml:5:86-145
258
259        <meta-data
259-->[com.google.android.gms:play-services-basement:18.4.0] AndroidManifest.xml:6:9-122
260            android:name="com.google.android.gms.version"
260-->[com.google.android.gms:play-services-basement:18.4.0] AndroidManifest.xml:6:20-65
261            android:value="@integer/google_play_services_version" />
261-->[com.google.android.gms:play-services-basement:18.4.0] AndroidManifest.xml:6:66-119
262
263        <provider
263-->[androidx.lifecycle:lifecycle-process:2.7.0] AndroidManifest.xml:24:9-32:20
264            android:name="androidx.startup.InitializationProvider"
264-->[androidx.lifecycle:lifecycle-process:2.7.0] AndroidManifest.xml:25:13-67
265            android:authorities="com.example.Meetyfi.androidx-startup"
265-->[androidx.lifecycle:lifecycle-process:2.7.0] AndroidManifest.xml:26:13-68
266            android:exported="false" >
266-->[androidx.lifecycle:lifecycle-process:2.7.0] AndroidManifest.xml:27:13-37
267            <meta-data
267-->[androidx.lifecycle:lifecycle-process:2.7.0] AndroidManifest.xml:29:13-31:52
268                android:name="androidx.lifecycle.ProcessLifecycleInitializer"
268-->[androidx.lifecycle:lifecycle-process:2.7.0] AndroidManifest.xml:30:17-78
269                android:value="androidx.startup" />
269-->[androidx.lifecycle:lifecycle-process:2.7.0] AndroidManifest.xml:31:17-49
270            <meta-data
270-->[androidx.profileinstaller:profileinstaller:1.3.1] AndroidManifest.xml:29:13-31:52
271                android:name="androidx.profileinstaller.ProfileInstallerInitializer"
271-->[androidx.profileinstaller:profileinstaller:1.3.1] AndroidManifest.xml:30:17-85
272                android:value="androidx.startup" />
272-->[androidx.profileinstaller:profileinstaller:1.3.1] AndroidManifest.xml:31:17-49
273        </provider>
274
275        <receiver
275-->[androidx.profileinstaller:profileinstaller:1.3.1] AndroidManifest.xml:34:9-52:20
276            android:name="androidx.profileinstaller.ProfileInstallReceiver"
276-->[androidx.profileinstaller:profileinstaller:1.3.1] AndroidManifest.xml:35:13-76
277            android:directBootAware="false"
277-->[androidx.profileinstaller:profileinstaller:1.3.1] AndroidManifest.xml:36:13-44
278            android:enabled="true"
278-->[androidx.profileinstaller:profileinstaller:1.3.1] AndroidManifest.xml:37:13-35
279            android:exported="true"
279-->[androidx.profileinstaller:profileinstaller:1.3.1] AndroidManifest.xml:38:13-36
280            android:permission="android.permission.DUMP" >
280-->[androidx.profileinstaller:profileinstaller:1.3.1] AndroidManifest.xml:39:13-57
281            <intent-filter>
281-->[androidx.profileinstaller:profileinstaller:1.3.1] AndroidManifest.xml:40:13-42:29
282                <action android:name="androidx.profileinstaller.action.INSTALL_PROFILE" />
282-->[androidx.profileinstaller:profileinstaller:1.3.1] AndroidManifest.xml:41:17-91
282-->[androidx.profileinstaller:profileinstaller:1.3.1] AndroidManifest.xml:41:25-88
283            </intent-filter>
284            <intent-filter>